SF:lib/domain/entities/episodes.dart
DA:13,3
DA:21,1
DA:22,1
DA:23,1
DA:24,1
DA:25,1
DA:26,1
DA:27,1
LF:8
LH:8
end_of_record
SF:lib/domain/usecase/search_episode.dart
DA:12,1
DA:17,1
DA:18,2
LF:3
LH:3
end_of_record
SF:lib/presenter/episodes/episodes_bloc.dart
DA:13,3
DA:16,1
DA:19,1
DA:21,4
DA:22,2
DA:23,1
DA:24,2
LF:7
LH:7
end_of_record
SF:lib/presenter/episodes/episodes_event.dart
DA:6,3
DA:12,4
DA:14,1
DA:15,2
LF:4
LH:4
end_of_record
SF:lib/presenter/episodes/episodes_state.dart
DA:13,2
DA:15,1
DA:16,2
DA:22,2
DA:24,1
DA:25,2
LF:6
LH:6
end_of_record
SF:lib/domain/entities/character.dart
DA:15,9
DA:26,2
DA:28,18
LF:3
LH:3
end_of_record
SF:lib/presenter/list_character/list_character_bloc.dart
DA:14,1
DA:15,2
DA:18,1
DA:21,1
DA:23,3
DA:24,2
DA:25,2
DA:26,1
DA:27,4
DA:28,1
DA:29,2
DA:33,1
DA:35,3
DA:36,4
DA:37,2
DA:38,4
DA:40,1
DA:41,3
DA:42,1
DA:43,4
DA:44,1
DA:45,2
LF:22
LH:22
end_of_record
SF:lib/presenter/list_character/list_character_content.dart
DA:12,2
DA:13,2
DA:19,1
DA:20,3
DA:21,3
DA:22,1
DA:23,1
DA:25,4
DA:26,4
DA:28,2
DA:29,3
DA:35,2
DA:37,6
DA:38,2
DA:41,2
DA:43,6
DA:44,2
DA:47,2
DA:49,2
DA:50,2
DA:51,2
DA:52,1
DA:54,3
DA:56,2
DA:57,1
DA:58,1
DA:59,1
DA:61,1
DA:62,1
DA:63,1
DA:64,1
DA:66,2
DA:67,1
DA:68,1
DA:69,1
DA:70,1
DA:71,4
DA:72,3
DA:73,3
DA:75,1
DA:79,1
DA:81,1
DA:82,3
DA:83,1
DA:84,1
DA:85,1
DA:86,1
DA:87,1
DA:88,1
DA:90,3
DA:94,2
DA:95,4
LF:52
LH:52
end_of_record
SF:lib/presenter/list_character/list_character_event.dart
DA:5,10
DA:7,1
DA:8,1
DA:12,3
DA:18,4
DA:20,1
DA:21,2
LF:7
LH:7
end_of_record
SF:lib/presenter/list_character/list_character_state.dart
DA:13,2
DA:17,1
DA:18,2
DA:27,2
DA:33,1
DA:34,5
DA:36,1
DA:38,1
DA:40,1
DA:41,1
DA:42,1
LF:11
LH:11
end_of_record
SF:lib/domain/usecase/search_characters.dart
DA:11,1
DA:16,1
DA:17,2
LF:3
LH:3
end_of_record
SF:lib/presenter/shared/item_grid.dart
DA:13,2
DA:15,2
DA:17,1
DA:18,2
DA:19,1
DA:22,2
DA:24,2
DA:25,2
DA:26,2
DA:27,2
DA:28,4
DA:29,2
DA:30,2
DA:31,2
DA:32,2
DA:33,4
DA:34,4
DA:35,4
DA:36,2
DA:37,2
DA:38,2
DA:39,1
DA:40,1
DA:41,1
DA:43,1
DA:46,2
DA:48,2
DA:50,2
DA:53,2
DA:54,6
DA:55,2
DA:57,6
DA:58,2
LF:33
LH:33
end_of_record
SF:lib/presenter/character/character_page.dart
DA:12,2
DA:16,2
DA:18,2
DA:19,2
DA:20,2
DA:21,4
DA:22,2
DA:23,2
DA:27,2
DA:28,2
DA:30,4
DA:31,2
DA:33,2
DA:34,6
DA:35,2
DA:37,2
DA:40,2
DA:41,6
DA:42,2
DA:45,6
DA:46,2
DA:49,2
DA:51,2
DA:52,2
DA:53,2
DA:55,2
DA:58,2
DA:59,2
DA:61,2
DA:63,4
DA:64,2
DA:66,6
DA:67,2
DA:70,2
DA:72,4
DA:74,2
DA:76,4
DA:78,6
LF:38
LH:38
end_of_record
SF:lib/presenter/shared/clip_image.dart
DA:11,4
DA:16,4
DA:18,4
DA:19,4
DA:20,4
DA:21,4
DA:22,12
DA:23,4
DA:24,8
DA:25,4
DA:26,8
DA:27,4
DA:28,4
DA:29,4
DA:30,2
DA:31,4
LF:16
LH:16
end_of_record
SF:lib/presenter/shared/item_header.dart
DA:7,3
DA:9,3
DA:11,3
DA:13,3
DA:14,6
DA:15,3
DA:19,6
DA:20,3
LF:8
LH:8
end_of_record
SF:lib/presenter/shared/line.dart
DA:8,2
DA:10,2
DA:12,2
DA:15,2
DA:16,2
DA:18,4
DA:19,2
DA:21,6
DA:22,2
DA:24,2
DA:25,4
DA:26,2
DA:30,2
DA:32,4
DA:33,2
LF:15
LH:15
end_of_record
SF:lib/presenter/character/episode_card.dart
DA:6,6
DA:8,2
DA:12,1
DA:16,1
DA:17,1
DA:18,1
DA:19,1
DA:20,1
DA:24,2
DA:26,1
DA:27,1
DA:28,1
DA:29,1
DA:30,3
DA:37,2
DA:39,2
DA:42,2
DA:43,2
DA:46,4
DA:47,4
DA:48,2
DA:50,2
DA:51,2
DA:52,2
DA:53,2
DA:58,2
DA:59,2
DA:60,6
DA:61,2
DA:62,4
DA:63,2
DA:64,1
DA:65,1
DA:66,2
DA:67,6
DA:68,2
DA:71,2
LF:37
LH:37
end_of_record
SF:lib/presenter/episodes/episodes_page.dart
DA:12,2
DA:14,2
DA:16,2
DA:17,2
DA:18,10
DA:19,2
LF:6
LH:6
end_of_record
SF:lib/presenter/episodes/episodes_content.dart
DA:10,3
DA:12,6
DA:13,3
DA:14,1
DA:15,2
DA:17,3
DA:18,1
DA:19,3
DA:21,3
DA:22,1
DA:23,1
DA:26,2
DA:27,2
DA:28,1
DA:30,3
DA:31,1
DA:36,1
DA:38,1
DA:40,1
DA:41,1
DA:42,2
DA:43,1
DA:44,2
DA:46,1
DA:49,1
DA:50,1
DA:51,2
DA:52,3
DA:54,1
DA:55,1
DA:56,2
DA:58,1
DA:61,2
LF:33
LH:33
end_of_record
SF:lib/data/datasource/character_datasource_impl.dart
DA:10,1
DA:12,1
DA:13,4
DA:14,2
DA:15,4
LF:5
LH:5
end_of_record
SF:lib/data/model/character_model.dart
DA:12,4
DA:13,4
DA:14,4
DA:15,4
DA:16,4
DA:17,8
DA:18,8
DA:19,4
DA:20,4
DA:21,4
LF:10
LH:10
end_of_record
SF:lib/presenter/list_character/list_character_page.dart
DA:11,1
DA:13,1
DA:14,1
DA:15,1
DA:16,1
DA:18,1
DA:23,1
DA:24,5
DA:25,1
LF:9
LH:9
end_of_record
SF:lib/data/datasource/episodes_datasource_impl.dart
DA:11,1
DA:13,1
DA:16,4
DA:17,1
DA:18,1
DA:19,2
DA:20,2
DA:21,3
DA:22,4
DA:23,2
DA:24,1
DA:25,1
DA:26,1
DA:27,1
DA:28,1
LF:15
LH:15
end_of_record
SF:lib/data/model/episodes_model.dart
DA:10,2
DA:11,2
DA:12,2
DA:13,2
DA:14,2
DA:15,2
LF:6
LH:6
end_of_record
SF:lib/data/mapper/character_mapper.dart
DA:5,4
DA:6,2
DA:7,2
DA:8,2
DA:9,2
DA:10,2
DA:11,2
DA:12,2
DA:13,2
DA:14,2
LF:10
LH:10
end_of_record
SF:lib/data/mapper/episodes_mapper.dart
DA:10,1
DA:14,2
DA:15,1
DA:16,1
DA:17,1
DA:18,1
DA:19,5
LF:7
LH:7
end_of_record
SF:lib/data/repository/episodes_repository_impl.dart
DA:12,1
DA:17,1
DA:20,3
DA:21,2
LF:4
LH:4
end_of_record
SF:lib/data/repository/character_repository_impl.dart
DA:12,1
DA:17,1
DA:18,3
DA:19,4
LF:4
LH:4
end_of_record
