SF:lib/domain/entities/episodes.dart
DA:12,6
DA:20,1
DA:21,1
DA:22,1
DA:23,1
DA:24,1
DA:25,1
DA:26,1
LF:8
LH:8
end_of_record
SF:lib/domain/usecase/search_episode.dart
DA:11,1
DA:16,1
DA:17,2
LF:3
LH:3
end_of_record
SF:lib/presenter/episodes/episodes_bloc.dart
DA:12,3
DA:15,1
DA:18,1
DA:20,4
DA:21,2
DA:22,1
DA:23,2
LF:7
LH:7
end_of_record
SF:lib/presenter/episodes/episodes_event.dart
DA:6,2
DA:12,3
DA:14,1
DA:15,2
LF:4
LH:4
end_of_record
SF:lib/presenter/episodes/episodes_state.dart
DA:13,4
DA:15,1
DA:16,2
DA:22,2
DA:24,1
DA:25,2
LF:6
LH:6
end_of_record
SF:lib/domain/entities/character.dart
DA:14,10
DA:25,2
DA:27,18
LF:3
LH:3
end_of_record
SF:lib/presenter/list_character/list_character_bloc.dart
DA:13,3
DA:16,1
DA:19,1
DA:21,3
DA:22,2
DA:23,2
DA:24,1
DA:25,4
DA:26,1
DA:27,2
DA:31,1
DA:33,3
DA:34,4
DA:35,2
DA:36,4
DA:38,1
DA:39,3
DA:40,1
DA:41,4
DA:42,1
DA:43,2
LF:21
LH:21
end_of_record
SF:lib/presenter/list_character/list_character_content.dart
DA:12,2
DA:13,2
DA:19,1
DA:20,3
DA:21,3
DA:22,1
DA:23,1
DA:25,4
DA:26,4
DA:28,2
DA:29,3
DA:35,2
DA:37,6
DA:38,2
DA:41,2
DA:43,6
DA:44,2
DA:47,2
DA:49,2
DA:50,2
DA:51,2
DA:52,1
DA:54,3
DA:56,2
DA:57,2
DA:58,2
DA:59,2
DA:61,2
DA:62,2
DA:63,2
DA:64,2
DA:66,4
DA:67,2
DA:68,2
DA:69,2
DA:70,2
DA:71,8
DA:72,6
DA:73,3
DA:75,2
DA:79,2
DA:81,2
DA:82,6
DA:83,2
DA:84,1
DA:85,2
DA:86,2
DA:87,2
DA:88,2
DA:90,3
DA:94,1
DA:95,2
LF:52
LH:52
end_of_record
SF:lib/presenter/list_character/list_character_event.dart
DA:4,10
DA:6,1
DA:7,1
DA:11,3
DA:17,4
DA:19,1
DA:20,2
LF:7
LH:7
end_of_record
SF:lib/presenter/list_character/list_character_state.dart
DA:13,2
DA:17,1
DA:18,2
DA:27,3
DA:33,1
DA:34,5
DA:36,1
DA:38,1
DA:39,0
DA:40,1
DA:41,1
DA:42,1
LF:12
LH:11
end_of_record
SF:lib/domain/usecase/search_characters.dart
DA:11,1
DA:14,1
DA:15,2
LF:3
LH:3
end_of_record
SF:lib/presenter/shared/item_grid.dart
DA:13,2
DA:15,2
DA:17,1
DA:18,2
DA:19,1
DA:22,2
DA:24,2
DA:25,2
DA:26,2
DA:27,2
DA:28,4
DA:29,2
DA:30,2
DA:31,2
DA:32,2
DA:33,4
DA:34,4
DA:35,4
DA:36,2
DA:37,2
DA:38,2
DA:39,1
DA:40,1
DA:41,1
DA:43,1
DA:46,2
DA:48,2
DA:50,2
DA:53,2
DA:54,6
DA:55,2
DA:57,6
DA:58,2
LF:33
LH:33
end_of_record
SF:lib/presenter/character/character_page.dart
DA:12,2
DA:16,2
DA:18,2
DA:19,2
DA:20,2
DA:21,4
DA:22,2
DA:23,2
DA:27,2
DA:28,2
DA:30,4
DA:31,2
DA:33,2
DA:34,6
DA:35,2
DA:37,2
DA:40,2
DA:41,6
DA:42,2
DA:45,6
DA:46,2
DA:49,2
DA:51,2
DA:52,2
DA:53,2
DA:55,2
DA:58,2
DA:59,2
DA:61,2
DA:63,4
DA:64,2
DA:66,6
DA:67,2
DA:70,2
DA:72,4
DA:74,2
DA:76,4
DA:78,6
LF:38
LH:38
end_of_record
SF:lib/presenter/shared/clip_image.dart
DA:11,4
DA:16,4
DA:18,4
DA:19,4
DA:20,4
DA:21,4
DA:22,12
DA:23,4
DA:24,8
DA:25,4
DA:26,8
DA:27,4
DA:28,4
DA:29,4
DA:30,1
DA:31,2
LF:16
LH:16
end_of_record
SF:lib/presenter/shared/item_header.dart
DA:7,4
DA:9,4
DA:11,4
DA:13,4
DA:14,8
DA:15,4
DA:19,8
DA:20,4
LF:8
LH:8
end_of_record
SF:lib/presenter/shared/line.dart
DA:8,2
DA:10,2
DA:12,2
DA:15,2
DA:16,2
DA:18,4
DA:19,2
DA:21,6
DA:22,2
DA:24,2
DA:25,4
DA:26,2
DA:30,2
DA:32,4
DA:33,2
LF:15
LH:15
end_of_record
SF:lib/presenter/character/episode_card.dart
DA:5,6
DA:7,2
DA:11,1
DA:15,1
DA:17,1
DA:18,1
DA:19,1
DA:20,1
DA:23,2
DA:34,2
DA:36,2
DA:39,2
DA:40,2
DA:43,4
DA:44,4
DA:45,2
DA:47,2
DA:48,2
DA:49,2
DA:50,2
DA:55,2
DA:56,2
DA:57,6
DA:58,2
DA:59,4
DA:60,2
DA:61,1
DA:62,1
DA:63,2
DA:64,6
DA:65,2
DA:68,2
LF:32
LH:32
end_of_record
SF:lib/presenter/episodes/episodes_page.dart
DA:12,1
DA:14,1
DA:16,1
DA:17,1
DA:18,5
DA:19,1
LF:6
LH:6
end_of_record
SF:lib/presenter/episodes/episodes_content.dart
DA:10,2
DA:12,4
DA:13,2
DA:14,1
DA:15,2
DA:17,2
DA:18,1
DA:19,3
DA:21,2
DA:22,2
DA:23,2
DA:26,4
DA:27,4
DA:28,2
DA:30,6
DA:31,2
DA:36,2
DA:38,2
DA:40,2
DA:41,2
DA:42,4
DA:43,2
DA:44,4
DA:46,2
DA:49,2
DA:50,2
DA:51,4
DA:52,4
DA:54,1
DA:55,1
DA:56,2
DA:58,2
DA:61,0
LF:33
LH:32
end_of_record
SF:lib/data/datasource/character_datasource_impl.dart
DA:9,1
DA:11,1
DA:12,4
DA:13,2
DA:14,4
LF:5
LH:5
end_of_record
SF:lib/data/model/character_model.dart
DA:12,4
DA:13,4
DA:14,4
DA:15,4
DA:16,4
DA:17,8
DA:18,8
DA:19,4
DA:20,4
DA:21,4
LF:10
LH:10
end_of_record
SF:lib/data/datasource/episodes_datasource_impl.dart
DA:10,1
DA:12,1
DA:15,4
DA:16,1
DA:17,1
DA:18,2
DA:19,2
DA:20,3
DA:21,4
DA:22,2
DA:23,1
DA:24,1
DA:25,1
DA:26,1
DA:27,1
LF:15
LH:15
end_of_record
SF:lib/data/model/episodes_model.dart
DA:10,2
DA:11,2
DA:12,2
DA:13,2
DA:14,2
DA:15,2
LF:6
LH:6
end_of_record
SF:lib/presenter/list_character/list_character_page.dart
DA:11,1
DA:13,1
DA:14,1
DA:15,1
DA:16,1
DA:18,1
DA:23,1
DA:24,5
DA:25,1
LF:9
LH:9
end_of_record
SF:lib/data/mapper/character_mapper.dart
DA:5,4
DA:6,2
DA:7,2
DA:8,2
DA:9,2
DA:10,2
DA:11,2
DA:12,2
DA:13,2
DA:14,2
LF:10
LH:10
end_of_record
SF:lib/data/mapper/episodes_mapper.dart
DA:9,1
DA:13,2
DA:14,1
DA:15,1
DA:16,1
DA:17,1
DA:18,5
LF:7
LH:7
end_of_record
SF:lib/data/repository/episodes_repository_impl.dart
DA:11,1
DA:16,1
DA:19,3
DA:20,2
LF:4
LH:4
end_of_record
SF:lib/data/repository/character_repository_impl.dart
DA:11,1
DA:16,1
DA:17,3
DA:18,4
LF:4
LH:4
end_of_record
